<?xml version="1.0" encoding="UTF-8"?>
<robot generator="Robot 6.0.2 (Python 3.9.6 on win32)" generated="20230407 02:05:03.729" rpa="false" schemaversion="3">
<suite id="s1" name="PetStoreTest2" source="C:\Users\macie\Desktop\PyProjects\PetStoreLibrary_ver2\PetStoreTest2.robot">
<test id="s1-t1" name="Create User" line="12">
<kw name="Create Dictionary" library="BuiltIn">
<var>${user}</var>
<arg>id=1</arg>
<arg>username=JonS</arg>
<arg>firstName=Jon</arg>
<arg>lastName=Snow</arg>
<arg>email=jonsnow@gmail.com</arg>
<arg>password=jonny</arg>
<arg>phone=1234567890</arg>
<arg>userStatus=0</arg>
<doc>Creates and returns a dictionary based on the given ``items``.</doc>
<msg timestamp="20230407 02:05:03.826" level="INFO">${user} = {'id': '1', 'username': 'JonS', 'firstName': 'Jon', 'lastName': 'Snow', 'email': 'jonsnow@gmail.com', 'password': 'jonny', 'phone': '1234567890', 'userStatus': '0'}</msg>
<status status="PASS" starttime="20230407 02:05:03.825" endtime="20230407 02:05:03.828"/>
</kw>
<kw name="POST" library="RequestsLibrary">
<var>${post_response}</var>
<arg>${website_url}/user</arg>
<arg>json=${user}</arg>
<arg>expected_status=200</arg>
<doc>Sends a POST request.</doc>
<msg timestamp="20230407 02:05:04.325" level="INFO">POST Request : url=https://petstore.swagger.io/v2/user 
 path_url=/v2/user 
 headers={'User-Agent': 'python-requests/2.28.2', 'Accept-Encoding': 'gzip, deflate', 'Accept': '*/*', 'Connection': 'keep-alive', 'Content-Length': '164', 'Content-Type': 'application/json'} 
 body=b'{"id": "1", "username": "JonS", "firstName": "Jon", "lastName": "Snow", "email": "jonsnow@gmail.com", "password": "jonny", "phone": "1234567890", "userStatus": "0"}' 
 </msg>
<msg timestamp="20230407 02:05:04.325" level="INFO">POST Response : url=https://petstore.swagger.io/v2/user 
 status=200, reason=OK 
 headers={'Date': 'Fri, 07 Apr 2023 00:05:04 GMT', 'Content-Type': 'application/json', 'Transfer-Encoding': 'chunked', 'Connection': 'keep-alive', 'Access-Control-Allow-Origin': '*', 'Access-Control-Allow-Methods': 'GET, POST, DELETE, PUT', 'Access-Control-Allow-Headers': 'Content-Type, api_key, Authorization', 'Server': 'Jetty(9.2.9.v20150224)'} 
 body={"code":200,"type":"unknown","message":"1"} 
 </msg>
<msg timestamp="20230407 02:05:04.325" level="INFO">${post_response} = &lt;Response [200]&gt;</msg>
<status status="PASS" starttime="20230407 02:05:03.828" endtime="20230407 02:05:04.325"/>
</kw>
<kw name="Log" library="BuiltIn">
<arg>${post_response.json()}</arg>
<doc>Logs the given message with the given level.</doc>
<msg timestamp="20230407 02:05:04.326" level="INFO">{'code': 200, 'type': 'unknown', 'message': '1'}</msg>
<status status="PASS" starttime="20230407 02:05:04.325" endtime="20230407 02:05:04.326"/>
</kw>
<status status="PASS" starttime="20230407 02:05:03.824" endtime="20230407 02:05:04.326"/>
</test>
<test id="s1-t2" name="Check User" line="18">
<kw name="GET" library="RequestsLibrary">
<var>${get_response}</var>
<arg>${website_url}/user/JonS</arg>
<arg>expected_status=200</arg>
<doc>Sends a GET request.</doc>
<msg timestamp="20230407 02:05:04.809" level="INFO">GET Request : url=https://petstore.swagger.io/v2/user/JonS 
 path_url=/v2/user/JonS 
 headers={'User-Agent': 'python-requests/2.28.2', 'Accept-Encoding': 'gzip, deflate', 'Accept': '*/*', 'Connection': 'keep-alive'} 
 body=None 
 </msg>
<msg timestamp="20230407 02:05:04.810" level="INFO">GET Response : url=https://petstore.swagger.io/v2/user/JonS 
 status=200, reason=OK 
 headers={'Date': 'Fri, 07 Apr 2023 00:05:05 GMT', 'Content-Type': 'application/json', 'Transfer-Encoding': 'chunked', 'Connection': 'keep-alive', 'Access-Control-Allow-Origin': '*', 'Access-Control-Allow-Methods': 'GET, POST, DELETE, PUT', 'Access-Control-Allow-Headers': 'Content-Type, api_key, Authorization', 'Server': 'Jetty(9.2.9.v20150224)'} 
 body={"id":1,"username":"JonS","firstName":"Jon","lastName":"Snow","email":"jonsnow@gmail.com","password":"jonny","phone":"1234567890","userStatus":0} 
 </msg>
<msg timestamp="20230407 02:05:04.810" level="INFO">${get_response} = &lt;Response [200]&gt;</msg>
<status status="PASS" starttime="20230407 02:05:04.327" endtime="20230407 02:05:04.810"/>
</kw>
<kw name="Log" library="BuiltIn">
<arg>${get_response.json()}</arg>
<doc>Logs the given message with the given level.</doc>
<msg timestamp="20230407 02:05:04.811" level="INFO">{'id': 1, 'username': 'JonS', 'firstName': 'Jon', 'lastName': 'Snow', 'email': 'jonsnow@gmail.com', 'password': 'jonny', 'phone': '1234567890', 'userStatus': 0}</msg>
<status status="PASS" starttime="20230407 02:05:04.810" endtime="20230407 02:05:04.811"/>
</kw>
<kw name="Should Be Equal As Strings" library="BuiltIn">
<arg>${get_response.json()}[username]</arg>
<arg>JonS</arg>
<doc>Fails if objects are unequal after converting them to strings.</doc>
<status status="PASS" starttime="20230407 02:05:04.811" endtime="20230407 02:05:04.811"/>
</kw>
<kw name="Should Be Equal As Strings" library="BuiltIn">
<arg>${get_response.json()}[firstName]</arg>
<arg>Jon</arg>
<doc>Fails if objects are unequal after converting them to strings.</doc>
<status status="PASS" starttime="20230407 02:05:04.811" endtime="20230407 02:05:04.812"/>
</kw>
<kw name="Should Be Equal As Strings" library="BuiltIn">
<arg>${get_response.json()}[lastName]</arg>
<arg>Snow</arg>
<doc>Fails if objects are unequal after converting them to strings.</doc>
<status status="PASS" starttime="20230407 02:05:04.812" endtime="20230407 02:05:04.812"/>
</kw>
<kw name="Should Be Equal As Strings" library="BuiltIn">
<arg>${get_response.json()}[email]</arg>
<arg>jonsnow@gmail.com</arg>
<doc>Fails if objects are unequal after converting them to strings.</doc>
<status status="PASS" starttime="20230407 02:05:04.813" endtime="20230407 02:05:04.813"/>
</kw>
<kw name="Should Be Equal As Strings" library="BuiltIn">
<arg>${get_response.json()}[phone]</arg>
<arg>1234567890</arg>
<doc>Fails if objects are unequal after converting them to strings.</doc>
<status status="PASS" starttime="20230407 02:05:04.813" endtime="20230407 02:05:04.813"/>
</kw>
<status status="PASS" starttime="20230407 02:05:04.326" endtime="20230407 02:05:04.814"/>
</test>
<test id="s1-t3" name="Update User" line="28">
<kw name="Create Dictionary" library="BuiltIn">
<var>${user}</var>
<arg>id=1</arg>
<arg>username=JonS</arg>
<arg>firstName=Jon</arg>
<arg>lastName=Snow</arg>
<arg>email=jonsnow@gmail.com</arg>
<arg>password=jonny123</arg>
<arg>phone=9876543210</arg>
<arg>userStatus=0</arg>
<doc>Creates and returns a dictionary based on the given ``items``.</doc>
<msg timestamp="20230407 02:05:04.814" level="INFO">${user} = {'id': '1', 'username': 'JonS', 'firstName': 'Jon', 'lastName': 'Snow', 'email': 'jonsnow@gmail.com', 'password': 'jonny123', 'phone': '9876543210', 'userStatus': '0'}</msg>
<status status="PASS" starttime="20230407 02:05:04.814" endtime="20230407 02:05:04.814"/>
</kw>
<kw name="PUT" library="RequestsLibrary">
<var>${put_response}</var>
<arg>${website_url}/user/JonS</arg>
<arg>json=${user}</arg>
<arg>expected_status=200</arg>
<doc>Sends a PUT request.</doc>
<msg timestamp="20230407 02:05:05.282" level="INFO">PUT Request : url=https://petstore.swagger.io/v2/user/JonS 
 path_url=/v2/user/JonS 
 headers={'User-Agent': 'python-requests/2.28.2', 'Accept-Encoding': 'gzip, deflate', 'Accept': '*/*', 'Connection': 'keep-alive', 'Content-Length': '167', 'Content-Type': 'application/json'} 
 body=b'{"id": "1", "username": "JonS", "firstName": "Jon", "lastName": "Snow", "email": "jonsnow@gmail.com", "password": "jonny123", "phone": "9876543210", "userStatus": "0"}' 
 </msg>
<msg timestamp="20230407 02:05:05.282" level="INFO">PUT Response : url=https://petstore.swagger.io/v2/user/JonS 
 status=200, reason=OK 
 headers={'Date': 'Fri, 07 Apr 2023 00:05:05 GMT', 'Content-Type': 'application/json', 'Transfer-Encoding': 'chunked', 'Connection': 'keep-alive', 'Access-Control-Allow-Origin': '*', 'Access-Control-Allow-Methods': 'GET, POST, DELETE, PUT', 'Access-Control-Allow-Headers': 'Content-Type, api_key, Authorization', 'Server': 'Jetty(9.2.9.v20150224)'} 
 body={"code":200,"type":"unknown","message":"1"} 
 </msg>
<msg timestamp="20230407 02:05:05.282" level="INFO">${put_response} = &lt;Response [200]&gt;</msg>
<status status="PASS" starttime="20230407 02:05:04.814" endtime="20230407 02:05:05.282"/>
</kw>
<kw name="Log" library="BuiltIn">
<arg>${put_response.json()}</arg>
<doc>Logs the given message with the given level.</doc>
<msg timestamp="20230407 02:05:05.283" level="INFO">{'code': 200, 'type': 'unknown', 'message': '1'}</msg>
<status status="PASS" starttime="20230407 02:05:05.282" endtime="20230407 02:05:05.283"/>
</kw>
<status status="PASS" starttime="20230407 02:05:04.814" endtime="20230407 02:05:05.283"/>
</test>
<test id="s1-t4" name="Check User Again" line="34">
<kw name="GET" library="RequestsLibrary">
<var>${get_response}</var>
<arg>${website_url}/user/JonS</arg>
<arg>expected_status=200</arg>
<doc>Sends a GET request.</doc>
<msg timestamp="20230407 02:05:05.772" level="INFO">GET Request : url=https://petstore.swagger.io/v2/user/JonS 
 path_url=/v2/user/JonS 
 headers={'User-Agent': 'python-requests/2.28.2', 'Accept-Encoding': 'gzip, deflate', 'Accept': '*/*', 'Connection': 'keep-alive'} 
 body=None 
 </msg>
<msg timestamp="20230407 02:05:05.772" level="INFO">GET Response : url=https://petstore.swagger.io/v2/user/JonS 
 status=200, reason=OK 
 headers={'Date': 'Fri, 07 Apr 2023 00:05:06 GMT', 'Content-Type': 'application/json', 'Transfer-Encoding': 'chunked', 'Connection': 'keep-alive', 'Access-Control-Allow-Origin': '*', 'Access-Control-Allow-Methods': 'GET, POST, DELETE, PUT', 'Access-Control-Allow-Headers': 'Content-Type, api_key, Authorization', 'Server': 'Jetty(9.2.9.v20150224)'} 
 body={"id":1,"username":"JonS","firstName":"Jon","lastName":"Snow","email":"jonsnow@gmail.com","password":"jonny123","phone":"9876543210","userStatus":0} 
 </msg>
<msg timestamp="20230407 02:05:05.772" level="INFO">${get_response} = &lt;Response [200]&gt;</msg>
<status status="PASS" starttime="20230407 02:05:05.284" endtime="20230407 02:05:05.772"/>
</kw>
<kw name="Log" library="BuiltIn">
<arg>${get_response.json()}</arg>
<doc>Logs the given message with the given level.</doc>
<msg timestamp="20230407 02:05:05.773" level="INFO">{'id': 1, 'username': 'JonS', 'firstName': 'Jon', 'lastName': 'Snow', 'email': 'jonsnow@gmail.com', 'password': 'jonny123', 'phone': '9876543210', 'userStatus': 0}</msg>
<status status="PASS" starttime="20230407 02:05:05.772" endtime="20230407 02:05:05.773"/>
</kw>
<kw name="Should Be Equal As Strings" library="BuiltIn">
<arg>${get_response.json()}[username]</arg>
<arg>JonS</arg>
<doc>Fails if objects are unequal after converting them to strings.</doc>
<status status="PASS" starttime="20230407 02:05:05.773" endtime="20230407 02:05:05.773"/>
</kw>
<kw name="Should Be Equal As Strings" library="BuiltIn">
<arg>${get_response.json()}[firstName]</arg>
<arg>Jon</arg>
<doc>Fails if objects are unequal after converting them to strings.</doc>
<status status="PASS" starttime="20230407 02:05:05.773" endtime="20230407 02:05:05.774"/>
</kw>
<kw name="Should Be Equal As Strings" library="BuiltIn">
<arg>${get_response.json()}[lastName]</arg>
<arg>Snow</arg>
<doc>Fails if objects are unequal after converting them to strings.</doc>
<status status="PASS" starttime="20230407 02:05:05.774" endtime="20230407 02:05:05.774"/>
</kw>
<kw name="Should Be Equal As Strings" library="BuiltIn">
<arg>${get_response.json()}[email]</arg>
<arg>jonsnow@gmail.com</arg>
<doc>Fails if objects are unequal after converting them to strings.</doc>
<status status="PASS" starttime="20230407 02:05:05.775" endtime="20230407 02:05:05.775"/>
</kw>
<kw name="Should Be Equal As Strings" library="BuiltIn">
<arg>${get_response.json()}[phone]</arg>
<arg>9876543210</arg>
<doc>Fails if objects are unequal after converting them to strings.</doc>
<status status="PASS" starttime="20230407 02:05:05.775" endtime="20230407 02:05:05.776"/>
</kw>
<status status="PASS" starttime="20230407 02:05:05.284" endtime="20230407 02:05:05.776"/>
</test>
<test id="s1-t5" name="Delete User" line="44">
<kw name="DELETE" library="RequestsLibrary">
<var>${delete_response}</var>
<arg>${website_url}/user/JonS</arg>
<arg>expected_status=200</arg>
<doc>Sends a DELETE request.</doc>
<msg timestamp="20230407 02:05:06.264" level="INFO">DELETE Request : url=https://petstore.swagger.io/v2/user/JonS 
 path_url=/v2/user/JonS 
 headers={'User-Agent': 'python-requests/2.28.2', 'Accept-Encoding': 'gzip, deflate', 'Accept': '*/*', 'Connection': 'keep-alive', 'Content-Length': '0'} 
 body=None 
 </msg>
<msg timestamp="20230407 02:05:06.264" level="INFO">DELETE Response : url=https://petstore.swagger.io/v2/user/JonS 
 status=200, reason=OK 
 headers={'Date': 'Fri, 07 Apr 2023 00:05:06 GMT', 'Content-Type': 'application/json', 'Transfer-Encoding': 'chunked', 'Connection': 'keep-alive', 'Access-Control-Allow-Origin': '*', 'Access-Control-Allow-Methods': 'GET, POST, DELETE, PUT', 'Access-Control-Allow-Headers': 'Content-Type, api_key, Authorization', 'Server': 'Jetty(9.2.9.v20150224)'} 
 body={"code":200,"type":"unknown","message":"JonS"} 
 </msg>
<msg timestamp="20230407 02:05:06.264" level="INFO">${delete_response} = &lt;Response [200]&gt;</msg>
<status status="PASS" starttime="20230407 02:05:05.776" endtime="20230407 02:05:06.264"/>
</kw>
<kw name="Log" library="BuiltIn">
<arg>${delete_response.json()}</arg>
<doc>Logs the given message with the given level.</doc>
<msg timestamp="20230407 02:05:06.265" level="INFO">{'code': 200, 'type': 'unknown', 'message': 'JonS'}</msg>
<status status="PASS" starttime="20230407 02:05:06.264" endtime="20230407 02:05:06.265"/>
</kw>
<status status="PASS" starttime="20230407 02:05:05.776" endtime="20230407 02:05:06.265"/>
</test>
<doc>The second version of testing the API of the Swagger Petstore sample website, via "RequestsLibrary"</doc>
<status status="PASS" starttime="20230407 02:05:03.731" endtime="20230407 02:05:06.266"/>
</suite>
<statistics>
<total>
<stat pass="5" fail="0" skip="0">All Tests</stat>
</total>
<tag>
</tag>
<suite>
<stat pass="5" fail="0" skip="0" id="s1" name="PetStoreTest2">PetStoreTest2</stat>
</suite>
</statistics>
<errors>
</errors>
</robot>
